{
  "RSpec": {
    "coverage": {
      "/Users/marcusjensen/Desktop/week_4_code_review/config/environment.rb": [
        null,
        1,
        null,
        null,
        1
      ],
      "/Users/marcusjensen/Desktop/week_4_code_review/config/application.rb": [
        1,
        null,
        1,
        null,
        1,
        1,
        1,
        1,
        1,
        1,
        1,
        1,
        1,
        null,
        null,
        null,
        null,
        1,
        null,
        1,
        1,
        null,
        1,
        null,
        null,
        null,
        null,
        null,
        null,
        null,
        1,
        null,
        null
      ],
      "/Users/marcusjensen/Desktop/week_4_code_review/config/boot.rb": [
        1,
        null,
        1,
        1
      ],
      "/Users/marcusjensen/Desktop/week_4_code_review/config/environments/test.rb": [
        1,
        null,
        null,
        null,
        null,
        null,
        null,
        1,
        null,
        null,
        null,
        null,
        1,
        null,
        null,
        1,
        1,
        null,
        null,
        null,
        null,
        1,
        1,
        null,
        null,
        1,
        null,
        null,
        1,
        null,
        null,
        1,
        null,
        1,
        null,
        null,
        null,
        null,
        1,
        null,
        null,
        1,
        null,
        null,
        null,
        null
      ],
      "/Users/marcusjensen/Desktop/week_4_code_review/config/initializers/application_controller_renderer.rb": [
        null,
        null,
        null,
        null,
        null,
        null,
        null,
        null
      ],
      "/Users/marcusjensen/Desktop/week_4_code_review/config/initializers/assets.rb": [
        null,
        null,
        null,
        1,
        null,
        null,
        null,
        null,
        1,
        null,
        null,
        null,
        null,
        null
      ],
      "/Users/marcusjensen/Desktop/week_4_code_review/config/initializers/backtrace_silencers.rb": [
        null,
        null,
        null,
        null,
        null,
        null,
        null
      ],
      "/Users/marcusjensen/Desktop/week_4_code_review/config/initializers/content_security_policy.rb": [
        null,
        null,
        null,
        null,
        null,
        null,
        null,
        null,
        null,
        null,
        null,
        null,
        null,
        null,
        null,
        null,
        null,
        null,
        null,
        null,
        null,
        null,
        null,
        null,
        null
      ],
      "/Users/marcusjensen/Desktop/week_4_code_review/config/initializers/cookies_serializer.rb": [
        null,
        null,
        null,
        null,
        1
      ],
      "/Users/marcusjensen/Desktop/week_4_code_review/config/initializers/filter_parameter_logging.rb": [
        null,
        null,
        null,
        1
      ],
      "/Users/marcusjensen/Desktop/week_4_code_review/config/initializers/inflections.rb": [
        null,
        null,
        null,
        null,
        null,
        null,
        null,
        null,
        null,
        null,
        null,
        null,
        null,
        null,
        null,
        null
      ],
      "/Users/marcusjensen/Desktop/week_4_code_review/config/initializers/mime_types.rb": [
        null,
        null,
        null,
        null
      ],
      "/Users/marcusjensen/Desktop/week_4_code_review/config/initializers/wrap_parameters.rb": [
        null,
        null,
        null,
        null,
        null,
        null,
        1,
        2,
        null,
        null,
        null,
        null,
        null,
        null
      ],
      "/Users/marcusjensen/Desktop/week_4_code_review/app/channels/application_cable/channel.rb": [
        1,
        1,
        null,
        null
      ],
      "/Users/marcusjensen/Desktop/week_4_code_review/app/channels/application_cable/connection.rb": [
        1,
        1,
        null,
        null
      ],
      "/Users/marcusjensen/Desktop/week_4_code_review/app/controllers/application_controller.rb": [
        1,
        1,
        1,
        null,
        1,
        87,
        null,
        67,
        null,
        null,
        null,
        null,
        1,
        6,
        4,
        4,
        null,
        null,
        null,
        1,
        9,
        0,
        0,
        null,
        null,
        null,
        null,
        null
      ],
      "/Users/marcusjensen/Desktop/week_4_code_review/app/helpers/application_helper.rb": [
        1,
        null
      ],
      "/Users/marcusjensen/Desktop/week_4_code_review/app/controllers/products_controller.rb": [
        1,
        1,
        1,
        null,
        null,
        null,
        1,
        null,
        24,
        24,
        24,
        null,
        null,
        1,
        null,
        1,
        1,
        null,
        null,
        null,
        1,
        null,
        1,
        1,
        1,
        null,
        1,
        null,
        0,
        null,
        null,
        null,
        1,
        null,
        0,
        0,
        null,
        null,
        1,
        null,
        7,
        7,
        null,
        null,
        1,
        null,
        0,
        0,
        0,
        null,
        0,
        null,
        null,
        null,
        1,
        null,
        0,
        0,
        0,
        null,
        null,
        null,
        1,
        1,
        1,
        null,
        null,
        null
      ],
      "/Users/marcusjensen/Desktop/week_4_code_review/app/controllers/reviews_controller.rb": [
        1,
        1,
        null,
        null,
        null,
        null,
        1,
        null,
        null,
        null,
        1,
        null,
        2,
        2,
        2,
        null,
        null,
        1,
        null,
        2,
        2,
        2,
        2,
        null,
        2,
        null,
        0,
        null,
        null,
        null,
        1,
        null,
        0,
        0,
        0,
        null,
        null,
        1,
        null,
        2,
        2,
        2,
        null,
        null,
        1,
        null,
        0,
        0,
        null,
        null,
        null,
        null,
        0,
        null,
        0,
        null,
        0,
        null,
        null,
        null,
        1,
        null,
        null,
        0,
        0,
        0,
        null,
        null,
        1,
        1,
        2,
        null,
        null,
        null
      ],
      "/Users/marcusjensen/Desktop/week_4_code_review/app/controllers/sessions_controller.rb": [
        1,
        1,
        8,
        8,
        8,
        8,
        8,
        null,
        0,
        0,
        null,
        null,
        null,
        1,
        0,
        0,
        0,
        null,
        null
      ],
      "/Users/marcusjensen/Desktop/week_4_code_review/app/controllers/users_controller.rb": [
        1,
        null,
        1,
        1,
        null,
        null,
        1,
        0,
        0,
        0,
        0,
        0,
        null,
        0,
        0,
        null,
        null,
        null,
        1,
        null,
        1,
        0,
        null,
        null,
        null,
        null
      ],
      "/Users/marcusjensen/Desktop/week_4_code_review/app/jobs/application_job.rb": [
        1,
        null
      ],
      "/Users/marcusjensen/Desktop/week_4_code_review/app/mailers/application_mailer.rb": [
        1,
        1,
        1,
        null
      ],
      "/Users/marcusjensen/Desktop/week_4_code_review/app/models/application_record.rb": [
        1,
        1,
        null
      ],
      "/Users/marcusjensen/Desktop/week_4_code_review/app/models/product.rb": [
        1,
        1,
        null,
        25,
        null,
        null,
        null,
        null,
        null,
        null,
        49,
        null,
        null,
        null,
        1,
        null,
        1,
        1,
        1,
        null,
        null,
        null,
        null,
        null,
        null,
        null,
        null,
        null,
        null,
        1,
        11,
        11,
        null,
        null,
        null,
        null,
        null,
        1,
        24,
        24,
        24,
        25,
        null,
        null,
        null,
        49,
        24,
        null,
        null,
        null,
        null
      ],
      "/Users/marcusjensen/Desktop/week_4_code_review/app/models/review.rb": [
        1,
        1,
        null,
        null,
        null,
        null,
        null,
        1,
        1,
        1,
        1,
        null,
        null,
        null,
        null,
        null,
        null,
        1,
        null,
        null,
        null,
        null,
        null,
        null,
        null,
        null
      ],
      "/Users/marcusjensen/Desktop/week_4_code_review/app/models/user.rb": [
        1,
        1,
        1,
        1,
        1,
        null,
        1,
        8,
        8,
        null,
        null,
        1,
        8,
        8,
        8,
        null,
        null,
        null,
        null,
        null
      ],
      "/Users/marcusjensen/Desktop/week_4_code_review/config/routes.rb": [
        1,
        1,
        null,
        1,
        1,
        null,
        1,
        1,
        1,
        null,
        1,
        1,
        null,
        null
      ],
      "/Users/marcusjensen/Desktop/week_4_code_review/spec/features/add_review_pages_spec.rb": [
        1,
        null,
        1,
        1,
        1,
        null,
        null,
        null,
        1,
        null,
        null,
        null,
        null,
        1,
        null,
        null,
        1,
        1,
        1,
        1,
        1,
        1,
        1,
        1,
        1,
        1,
        1,
        1,
        null,
        null,
        null,
        1,
        1,
        1,
        null,
        null,
        null,
        1,
        null,
        null,
        null,
        null,
        1,
        null,
        null,
        1,
        1,
        1,
        1,
        1,
        1,
        1,
        1,
        1,
        1,
        1,
        1,
        null,
        null,
        null,
        1,
        1,
        1,
        null,
        null,
        null,
        1,
        null,
        null,
        null,
        null,
        1,
        null,
        null,
        1,
        1,
        1,
        1,
        1,
        1,
        1,
        null,
        1,
        1,
        null,
        null,
        null,
        null,
        1,
        1,
        1,
        null,
        null,
        null,
        1,
        null,
        null,
        null,
        null,
        1,
        null,
        null,
        1,
        1,
        1,
        1,
        1,
        1,
        1,
        null,
        1,
        1,
        null,
        null
      ],
      "/Users/marcusjensen/Desktop/week_4_code_review/spec/features/add_user_spec.rb": [
        1,
        null,
        1,
        1,
        null,
        1,
        null,
        null,
        null,
        1,
        null,
        null,
        null,
        1,
        1,
        1,
        null,
        null,
        null,
        null,
        1,
        1,
        null,
        1,
        null,
        null,
        null,
        1,
        null,
        null,
        null,
        1,
        1,
        1,
        null,
        null,
        null,
        null,
        1,
        1,
        null,
        1,
        null,
        null,
        null,
        1,
        null,
        null,
        null,
        null,
        1,
        null,
        null,
        null,
        null,
        1,
        1,
        null,
        null,
        1,
        1,
        null,
        null,
        null,
        null,
        1,
        null,
        null,
        1,
        null,
        null,
        null,
        null,
        null,
        null,
        null,
        null,
        null,
        null,
        null,
        null,
        null,
        null,
        null,
        null,
        null,
        null,
        null,
        null,
        null,
        null,
        null,
        null,
        null,
        null,
        null,
        null,
        null,
        null,
        null,
        null,
        null,
        null,
        null
      ],
      "/Users/marcusjensen/Desktop/week_4_code_review/spec/models/product_spec.rb": [
        1,
        null,
        1,
        2,
        null,
        null,
        null,
        null
      ],
      "/Users/marcusjensen/Desktop/week_4_code_review/spec/models/review_spec.rb": [
        1,
        null,
        1,
        2,
        null,
        null
      ]
    },
    "timestamp": 1580081275
  }
}
